<?xml version="1.0" encoding="UTF-8"?>
<testng-results skipped="0" failed="0" total="1" passed="1">
  <reporter-output>
  </reporter-output>
  <suite name="Default suite" duration-ms="17593" started-at="2018-07-30T16:18:25Z" finished-at="2018-07-30T16:18:43Z">
    <groups>
    </groups>
    <test name="Default test" duration-ms="17593" started-at="2018-07-30T16:18:25Z" finished-at="2018-07-30T16:18:43Z">
      <class name="selenium_Basics.QAClickPra">
        <test-method status="PASS" signature="openBrowser()[pri:0, instance:selenium_Basics.QAClickPra@62ee68d8]" name="openBrowser" is-config="true" duration-ms="14254" started-at="2018-07-30T21:48:25Z" finished-at="2018-07-30T21:48:39Z">
          <reporter-output>
          </reporter-output>
        </test-method> <!-- openBrowser -->
        <test-method status="PASS" signature="getTableData()[pri:0, instance:selenium_Basics.QAClickPra@62ee68d8]" name="getTableData" duration-ms="700" started-at="2018-07-30T21:48:40Z" finished-at="2018-07-30T21:48:40Z">
          <reporter-output>
          </reporter-output>
        </test-method> <!-- getTableData -->
        <test-method status="PASS" signature="closeBrowser()[pri:0, instance:selenium_Basics.QAClickPra@62ee68d8]" name="closeBrowser" is-config="true" duration-ms="2326" started-at="2018-07-30T21:48:40Z" finished-at="2018-07-30T21:48:43Z">
          <reporter-output>
          </reporter-output>
        </test-method> <!-- closeBrowser -->
      </class> <!-- selenium_Basics.QAClickPra -->
    </test> <!-- Default test -->
  </suite> <!-- Default suite -->
</testng-results>
